# JRE version: Java(TM) SE Runtime Environment (8.0_25-b18) (build 1.8.0_25-b18)
# Java VM: Java HotSpot(TM) 64-Bit Server VM (25.25-b02 mixed mode windows-amd64 compressed oops)
Heap:
 PSYoungGen      total 65024K, used 57138K [0x00000000fab00000, 0x00000000ffe00000, 0x0000000100000000)
  eden space 59392K, 86% used [0x00000000fab00000,0x00000000fdd4db80,0x00000000fe500000)
  from space 5632K, 99% used [0x00000000fe500000,0x00000000fea7ef60,0x00000000fea80000)
  to   space 12800K, 0% used [0x00000000ff180000,0x00000000ff180000,0x00000000ffe00000)
 ParOldGen       total 138240K, used 110862K [0x00000000f0000000, 0x00000000f8700000, 0x00000000fab00000)
  object space 138240K, 80% used [0x00000000f0000000,0x00000000f6c438e0,0x00000000f8700000)
 Metaspace       used 108802K, capacity 115224K, committed 117248K, reserved 1148928K
  class space    used 15086K, capacity 17296K, committed 17920K, reserved 1048576K
GC Heap History (10 events):
Event: 3356.626 GC heap before
{Heap before GC invocations=69 (full 6):
 PSYoungGen      total 70144K, used 64192K [0x00000000fab00000, 0x00000000ffd80000, 0x0000000100000000)
  eden space 58880K, 100% used [0x00000000fab00000,0x00000000fe480000,0x00000000fe480000)
  from space 11264K, 47% used [0x00000000ff280000,0x00000000ff7b0220,0x00000000ffd80000)
  to   space 12800K, 0% used [0x00000000fe480000,0x00000000fe480000,0x00000000ff100000)
 ParOldGen       total 138240K, used 84880K [0x00000000f0000000, 0x00000000f8700000, 0x00000000fab00000)
  object space 138240K, 61% used [0x00000000f0000000,0x00000000f52e4258,0x00000000f8700000)
 Metaspace       used 99471K, capacity 104740K, committed 108288K, reserved 1140736K
  class space    used 13558K, capacity 15305K, committed 16640K, reserved 1048576K
Event: 3356.738 GC heap after
Heap after GC invocations=69 (full 6):
 PSYoungGen      total 71680K, used 9280K [0x00000000fab00000, 0x0000000100000000, 0x0000000100000000)
  eden space 58880K, 0% used [0x00000000fab00000,0x00000000fab00000,0x00000000fe480000)
  from space 12800K, 72% used [0x00000000fe480000,0x00000000fed90078,0x00000000ff100000)
  to   space 13824K, 0% used [0x00000000ff280000,0x00000000ff280000,0x0000000100000000)
 ParOldGen       total 138240K, used 87276K [0x00000000f0000000, 0x00000000f8700000, 0x00000000fab00000)
  object space 138240K, 63% used [0x00000000f0000000,0x00000000f553b018,0x00000000f8700000)
 Metaspace       used 99471K, capacity 104740K, committed 108288K, reserved 1140736K
  class space    used 13558K, capacity 15305K, committed 16640K, reserved 1048576K
}
Event: 3357.431 GC heap before
{Heap before GC invocations=70 (full 6):
 PSYoungGen      total 71680K, used 68160K [0x00000000fab00000, 0x0000000100000000, 0x0000000100000000)
  eden space 58880K, 100% used [0x00000000fab00000,0x00000000fe480000,0x00000000fe480000)
  from space 12800K, 72% used [0x00000000fe480000,0x00000000fed90078,0x00000000ff100000)
  to   space 13824K, 0% used [0x00000000ff280000,0x00000000ff280000,0x0000000100000000)
 ParOldGen       total 138240K, used 87276K [0x00000000f0000000, 0x00000000f8700000, 0x00000000fab00000)
  object space 138240K, 63% used [0x00000000f0000000,0x00000000f553b018,0x00000000f8700000)
 Metaspace       used 100732K, capacity 106202K, committed 109312K, reserved 1142784K
  class space    used 13795K, capacity 15663K, committed 16640K, reserved 1048576K
Event: 3357.575 GC heap after
Heap after GC invocations=70 (full 6):
 PSYoungGen      total 73216K, used 7109K [0x00000000fab00000, 0x0000000100000000, 0x0000000100000000)
  eden space 59392K, 0% used [0x00000000fab00000,0x00000000fab00000,0x00000000fe500000)
  from space 13824K, 51% used [0x00000000ff280000,0x00000000ff9715c8,0x0000000100000000)
  to   space 13824K, 0% used [0x00000000fe500000,0x00000000fe500000,0x00000000ff280000)
 ParOldGen       total 138240K, used 93992K [0x00000000f0000000, 0x00000000f8700000, 0x00000000fab00000)
  object space 138240K, 67% used [0x00000000f0000000,0x00000000f5bca3d8,0x00000000f8700000)
 Metaspace       used 100732K, capacity 106202K, committed 109312K, reserved 1142784K
  class space    used 13795K, capacity 15663K, committed 16640K, reserved 1048576K
}
Event: 3391.185 GC heap before
{Heap before GC invocations=71 (full 6):
 PSYoungGen      total 73216K, used 66501K [0x00000000fab00000, 0x0000000100000000, 0x0000000100000000)
  eden space 59392K, 100% used [0x00000000fab00000,0x00000000fe500000,0x00000000fe500000)
  from space 13824K, 51% used [0x00000000ff280000,0x00000000ff9715c8,0x0000000100000000)
  to   space 13824K, 0% used [0x00000000fe500000,0x00000000fe500000,0x00000000ff280000)
 ParOldGen       total 138240K, used 93992K [0x00000000f0000000, 0x00000000f8700000, 0x00000000fab00000)
  object space 138240K, 67% used [0x00000000f0000000,0x00000000f5bca3d8,0x00000000f8700000)
 Metaspace       used 101816K, capacity 107696K, committed 110336K, reserved 1142784K
  class space    used 14006K, capacity 15983K, committed 16896K, reserved 1048576K
Event: 3391.254 GC heap after
Heap after GC invocations=71 (full 6):
 PSYoungGen      total 65024K, used 5360K [0x00000000fab00000, 0x00000000ffe00000, 0x0000000100000000)
  eden space 59392K, 0% used [0x00000000fab00000,0x00000000fab00000,0x00000000fe500000)
  from space 5632K, 95% used [0x00000000fe500000,0x00000000fea3c010,0x00000000fea80000)
  to   space 12800K, 0% used [0x00000000ff180000,0x00000000ff180000,0x00000000ffe00000)
 ParOldGen       total 138240K, used 100453K [0x00000000f0000000, 0x00000000f8700000, 0x00000000fab00000)
  object space 138240K, 72% used [0x00000000f0000000,0x00000000f6219488,0x00000000f8700000)
 Metaspace       used 101816K, capacity 107696K, committed 110336K, reserved 1142784K
  class space    used 14006K, capacity 15983K, committed 16896K, reserved 1048576K
}
Event: 3393.076 GC heap before
{Heap before GC invocations=72 (full 6):
 PSYoungGen      total 65024K, used 64752K [0x00000000fab00000, 0x00000000ffe00000, 0x0000000100000000)
  eden space 59392K, 100% used [0x00000000fab00000,0x00000000fe500000,0x00000000fe500000)
  from space 5632K, 95% used [0x00000000fe500000,0x00000000fea3c010,0x00000000fea80000)
  to   space 12800K, 0% used [0x00000000ff180000,0x00000000ff180000,0x00000000ffe00000)
 ParOldGen       total 138240K, used 100453K [0x00000000f0000000, 0x00000000f8700000, 0x00000000fab00000)
  object space 138240K, 72% used [0x00000000f0000000,0x00000000f6219488,0x00000000f8700000)
 Metaspace       used 105348K, capacity 111464K, committed 113920K, reserved 1146880K
  class space    used 14504K, capacity 16572K, committed 17408K, reserved 1048576K
Event: 3393.095 GC heap after
Heap after GC invocations=72 (full 6):
 PSYoungGen      total 72192K, used 8079K [0x00000000fab00000, 0x00000000ffe00000, 0x0000000100000000)
  eden space 59392K, 0% used [0x00000000fab00000,0x00000000fab00000,0x00000000fe500000)
  from space 12800K, 63% used [0x00000000ff180000,0x00000000ff963c78,0x00000000ffe00000)
  to   space 5632K, 0% used [0x00000000fe500000,0x00000000fe500000,0x00000000fea80000)
 ParOldGen       total 138240K, used 103711K [0x00000000f0000000, 0x00000000f8700000, 0x00000000fab00000)
  object space 138240K, 75% used [0x00000000f0000000,0x00000000f6547f90,0x00000000f8700000)
 Metaspace       used 105348K, capacity 111464K, committed 113920K, reserved 1146880K
  class space    used 14504K, capacity 16572K, committed 17408K, reserved 1048576K
}
Event: 3393.980 GC heap before
{Heap before GC invocations=73 (full 6):
 PSYoungGen      total 72192K, used 67471K [0x00000000fab00000, 0x00000000ffe00000, 0x0000000100000000)
  eden space 59392K, 100% used [0x00000000fab00000,0x00000000fe500000,0x00000000fe500000)
  from space 12800K, 63% used [0x00000000ff180000,0x00000000ff963c78,0x00000000ffe00000)
  to   space 5632K, 0% used [0x00000000fe500000,0x00000000fe500000,0x00000000fea80000)
 ParOldGen       total 138240K, used 103711K [0x00000000f0000000, 0x00000000f8700000, 0x00000000fab00000)
  object space 138240K, 75% used [0x00000000f0000000,0x00000000f6547f90,0x00000000f8700000)
 Metaspace       used 107451K, capacity 113618K, committed 115968K, reserved 1146880K
  class space    used 14821K, capacity 16929K, committed 17664K, reserved 1048576K
Event: 3394.042 GC heap after
Heap after GC invocations=73 (full 6):
 PSYoungGen      total 65024K, used 5627K [0x00000000fab00000, 0x00000000ffe00000, 0x0000000100000000)
  eden space 59392K, 0% used [0x00000000fab00000,0x00000000fab00000,0x00000000fe500000)
  from space 5632K, 99% used [0x00000000fe500000,0x00000000fea7ef60,0x00000000fea80000)
  to   space 12800K, 0% used [0x00000000ff180000,0x00000000ff180000,0x00000000ffe00000)
 ParOldGen       total 138240K, used 110862K [0x00000000f0000000, 0x00000000f8700000, 0x00000000fab00000)
  object space 138240K, 80% used [0x00000000f0000000,0x00000000f6c438e0,0x00000000f8700000)
 Metaspace       used 107451K, capacity 113618K, committed 115968K, reserved 1146880K
  class space    used 14821K, capacity 16929K, committed 17664K, reserved 1048576K
}

